Vivado Simulator 2020.2
Time resolution is 1 ps
WARNING: Too many words specified in data file F:\Research\NAR-Net\HW\Weights\S2.mem
0010100010
1111001001
1010011000
1010110110
1101110011
0001010110
0001101010
0011010011
0000101111
0000101111
0000100101
0001001000
0000110001
0001001111
0001001111
0001001010
0001001111
0001010000
0001010111
0001011011
0001011111
0001100010
0001100011
0001101100
0001101110
0001110100
0001111011
0001111100
0001111101
0001111111
0010000000
0001111110
0010000000
0010000100
0010001000
0010001000
0010001010
0010001110
0010001110
0010010101
0010011101
0010011100
0010100100
0010101000
0010100110
0010100110
0010100001
0010011110
0010011101
0010011010
0010011110
0010011110
0010011110
0010011101
0010011001
0010010111
0010011001
0010010100
0010010001
0010001111
0010001111
0010010001
0010001101
0010001101
0010001011
0010001101
0010001011
0010000101
0001111110
0001111010
0001111001
0001110000
0001101101
0001101011
0001101010
0001101001
0001100101
0001100000
0001011011
0001011010
0001010111
0001010110
0001010000
0001001000
0001000010
0000110101
0000111011
0000110110
0000101011
0000100101
0000100010
0000100001
0000101010
0000110011
0000101111
0000101001
0000011001
0000000000
1111011111
1110110111
1110010010
1101101001
1101000101
1100110000
1100011101
1100010001
1100001011
1100000101
1011111110
1011111010
1011111001
1100000010
1100001000
1100001011
1100001010
1100000111
1100001000
1100001001
1100001010
1100001010
1100001100
1100001100
1100010010
1100001111
1100010000
1100011100
1100110111
1101100001
1110000011
1110100100
1111000010
1111011101
1111110010
0000000101
0000010110
0000100111
0000110010
0000111111
0001000111
0001001101
0001010010
0001010101
0001010101
0001001101
0001000101
0001000000
0000110110
0000101011
0000100010
0000011000
0000010001
0000001110
0000001011
1111111111
0000001011
0000010100
0000011010
0000100001
0000101011
0000110110
0001000011
0001000100
0001000110
0000111111
0000110011
0000101010
0000100010
0000010011
0000000101
1111110101
1111100100
1111010101
1110111110
1110101110
1110100010
1110011000
1110010000
1110001011
1110000110
1110001000
1110001001
1110000111
1110000111
1110001001
1110001000
1110001010
1110000110
1110001000
1110000010
1110000100
1110000100
1110000000
1110000000
1101111111
1110000001
1101111100
1101111110
1101111001
1101111000
1101110011
1101110001
1101101100
1101101000
1101100111
1101100101
1101100100
1101011111
1101011101
1101011101
1101011001
1101011000
1101010001
1101010010
1101010100
1101010110
1101011110
1101101010
1101111100
1110010000
1110100001
1110110000
1110111000
1111000000
1111001011
1111010100
1111010111
1111011010
1111011001
1111011001
1111011011
1111100000
1111100010
1111100110
1111100011
1111100000
1111010111
1111001101
1111000011
1111001111
1110111011
1110101111
1110011110
1110011010
1110010011
1110010000
1110001001
1101111111
1101110001
1101100111
1101011110
1101001100
1101000101
1100111100
1100110111
1100110101
1100110011
1100110000
1100100001
1100101101
1100101101
1100110111
1100111000
1101000100
1101010000
1101101011
1110000101
1110011000
1110101001
1110111110
1111010000
1111100111
1111111011
0000001011
0000100011
0000111010
0001010000
0001100100
0001111101
0010001110
0010100000
1111001000
1111011000
1111011111
1111100101
0011010011
0011011100
0011101000
0011101100
0011101110
0011110011
0011110101
0011110011
0011110101
0011110100
0001000101
0001000101
0001000101
0001000101
$stop called at time : 95363 ns : File "F:/Research/NAR-Net/HW/NARNet.srcs/sim_1/new/NARNN_tb.v" Line 57
